<?xml version="1.0" encoding="UTF-8"?>
<!-- Generated by org.testng.reporters.JUnitReportReporter -->
<testsuite hostname="sudhir-kumar" failures="0" tests="2" name="com.app.test.PriorityAnnotation" time="0.011" errors="0" timestamp="2020-03-16T21:20:01 IST" skipped="0">
  <testcase classname="com.app.test.PriorityAnnotation" name="m1" time="0.006"/>
  <system-out/>
  <testcase classname="com.app.test.PriorityAnnotation" name="Testplan" time="0.005"/>
  <system-out/>
</testsuite> <!-- com.app.test.PriorityAnnotation -->
