<?xml version="1.0" encoding="UTF-8"?>
<!-- Generated by org.testng.reporters.JUnitReportReporter -->
<testsuite hostname="sudhir-kumar" failures="0" tests="1" name="com.app.test.NewTest" time="0.035" errors="0" timestamp="2020-03-15T21:40:08 IST" skipped="0">
  <testcase classname="com.app.test.NewTest" name="f" time="0.035"/>
  <system-out/>
</testsuite> <!-- com.app.test.NewTest -->
