<?xml version="1.0" encoding="UTF-8"?>
<!-- Generated by org.testng.reporters.JUnitReportReporter -->
<testsuite hostname="sudhir-kumar" failures="0" tests="1" name="com.app.test.Sudhir" time="0.017" errors="0" timestamp="2020-03-15T22:06:25 IST" skipped="0">
  <testcase classname="com.app.test.Sudhir" name="f" time="0.017"/>
  <system-out/>
</testsuite> <!-- com.app.test.Sudhir -->
