<?xml version="1.0" encoding="UTF-8"?>
<!-- Generated by org.testng.reporters.JUnitReportReporter -->
<testsuite hostname="sudhir-kumar" failures="0" tests="5" name="com.app.test.SudhirKumar" time="0.078" errors="0" timestamp="2020-03-16T00:19:46 IST" skipped="0">
  <testcase classname="com.app.test.SudhirKumar" name="m2" time="0.029"/>
  <system-out/>
  <testcase classname="com.app.test.SudhirKumar" name="m4" time="0.003"/>
  <system-out/>
  <testcase classname="com.app.test.SudhirKumar" name="m3" time="0.028"/>
  <system-out/>
  <testcase classname="com.app.test.SudhirKumar" name="m5" time="0.009"/>
  <system-out/>
  <testcase classname="com.app.test.SudhirKumar" name="m1" time="0.009"/>
  <system-out/>
</testsuite> <!-- com.app.test.SudhirKumar -->
