<?xml version="1.0" encoding="UTF-8"?>
<!-- Generated by org.testng.reporters.JUnitReportReporter -->
<testsuite hostname="sudhir-kumar" failures="0" tests="5" name="com.app.test.PriorityTest" time="0.015" errors="0" timestamp="2020-03-16T21:20:02 IST" skipped="0">
  <testcase classname="com.app.test.PriorityTest" name="m2" time="0.003"/>
  <system-out/>
  <testcase classname="com.app.test.PriorityTest" name="m4" time="0.006"/>
  <system-out/>
  <testcase classname="com.app.test.PriorityTest" name="m3" time="0.002"/>
  <system-out/>
  <testcase classname="com.app.test.PriorityTest" name="m5" time="0.002"/>
  <system-out/>
  <testcase classname="com.app.test.PriorityTest" name="m1" time="0.002"/>
  <system-out/>
</testsuite> <!-- com.app.test.PriorityTest -->
