<?xml version="1.0" encoding="UTF-8"?>
<!-- Generated by org.testng.reporters.JUnitReportReporter -->
<testsuite hostname="sudhir-kumar" failures="0" tests="5" name="com.app.test.Methoddepend" time="0.035" errors="0" timestamp="2020-03-15T23:58:37 IST" skipped="3">
  <testcase classname="com.app.test.Methoddepend" name="m5" time="0.007">
    <skipped/>
  </testcase> <!-- m5 -->
  <system-out/>
  <testcase classname="com.app.test.Methoddepend" name="m3" time="0.022"/>
  <system-out/>
  <testcase classname="com.app.test.Methoddepend" name="m4" time="0.006"/>
  <system-out/>
  <testcase classname="com.app.test.Methoddepend" name="m1">
    <skipped/>
  </testcase> <!-- m1 -->
  <system-out/>
  <testcase classname="com.app.test.Methoddepend" name="m2">
    <skipped/>
  </testcase> <!-- m2 -->
  <system-out/>
</testsuite> <!-- com.app.test.Methoddepend -->
