<?xml version="1.0" encoding="UTF-8"?>
<!-- Generated by org.testng.reporters.JUnitReportReporter -->
<testsuite hostname="sudhir-kumar" failures="0" tests="5" name="com.app.test.SkipTest" time="0.023" errors="0" timestamp="2020-03-27T14:58:16 IST" skipped="3">
  <testcase classname="com.app.test.SkipTest" name="m5" time="0.003">
    <skipped/>
  </testcase> <!-- m5 -->
  <system-out/>
  <testcase classname="com.app.test.SkipTest" name="m3" time="0.017"/>
  <system-out/>
  <testcase classname="com.app.test.SkipTest" name="m4" time="0.003"/>
  <system-out/>
  <testcase classname="com.app.test.SkipTest" name="m1">
    <skipped/>
  </testcase> <!-- m1 -->
  <system-out/>
  <testcase classname="com.app.test.SkipTest" name="m2">
    <skipped/>
  </testcase> <!-- m2 -->
  <system-out/>
</testsuite> <!-- com.app.test.SkipTest -->
